# JRE version: OpenJDK Runtime Environment (11.0.13) (build 11.0.13+0-b1751.21-8125866)
# Java VM: OpenJDK 64-Bit Server VM (11.0.13+0-b1751.21-8125866, mixed mode, tiered, compressed oops, g1 gc, windows-amd64)
Heap:
 garbage-first heap   total 385024K, used 274363K [0x00000000c0000000, 0x0000000100000000)
  region size 1024K, 24 young (24576K), 1 survivors (1024K)
 Metaspace       used 122297K, capacity 125186K, committed 126256K, reserved 1161216K
  class space    used 14280K, capacity 15206K, committed 15488K, reserved 1048576K
GC Heap History (20 events):
Event: 1159.262 GC heap before
{Heap before GC invocations=226 (full 0):
 garbage-first heap   total 319488K, used 274484K [0x00000000c0000000, 0x0000000100000000)
  region size 1024K, 61 young (62464K), 5 survivors (5120K)
 Metaspace       used 118085K, capacity 121187K, committed 121392K, reserved 1155072K
  class space    used 13924K, capacity 14933K, committed 14976K, reserved 1048576K
}
Event: 1159.279 GC heap after
{Heap after GC invocations=227 (full 0):
 garbage-first heap   total 319488K, used 224750K [0x00000000c0000000, 0x0000000100000000)
  region size 1024K, 7 young (7168K), 7 survivors (7168K)
 Metaspace       used 118085K, capacity 121187K, committed 121392K, reserved 1155072K
  class space    used 13924K, capacity 14933K, committed 14976K, reserved 1048576K
}
Event: 1162.890 GC heap before
{Heap before GC invocations=227 (full 0):
 garbage-first heap   total 319488K, used 273902K [0x00000000c0000000, 0x0000000100000000)
  region size 1024K, 56 young (57344K), 7 survivors (7168K)
 Metaspace       used 118323K, capacity 121440K, committed 121648K, reserved 1157120K
  class space    used 13958K, capacity 14949K, committed 14976K, reserved 1048576K
}
Event: 1162.905 GC heap after
{Heap after GC invocations=228 (full 0):
 garbage-first heap   total 319488K, used 226522K [0x00000000c0000000, 0x0000000100000000)
  region size 1024K, 2 young (2048K), 2 survivors (2048K)
 Metaspace       used 118323K, capacity 121440K, committed 121648K, reserved 1157120K
  class space    used 13958K, capacity 14949K, committed 14976K, reserved 1048576K
}
Event: 1165.482 GC heap before
{Heap before GC invocations=228 (full 0):
 garbage-first heap   total 319488K, used 275674K [0x00000000c0000000, 0x0000000100000000)
  region size 1024K, 51 young (52224K), 2 survivors (2048K)
 Metaspace       used 118733K, capacity 121855K, committed 122032K, reserved 1157120K
  class space    used 14024K, capacity 15036K, committed 15104K, reserved 1048576K
}
Event: 1165.492 GC heap after
{Heap after GC invocations=229 (full 0):
 garbage-first heap   total 319488K, used 227391K [0x00000000c0000000, 0x0000000100000000)
  region size 1024K, 3 young (3072K), 3 survivors (3072K)
 Metaspace       used 118733K, capacity 121855K, committed 122032K, reserved 1157120K
  class space    used 14024K, capacity 15036K, committed 15104K, reserved 1048576K
}
Event: 1174.030 GC heap before
{Heap before GC invocations=229 (full 0):
 garbage-first heap   total 319488K, used 277567K [0x00000000c0000000, 0x0000000100000000)
  region size 1024K, 52 young (53248K), 3 survivors (3072K)
 Metaspace       used 119578K, capacity 122688K, committed 122928K, reserved 1157120K
  class space    used 14121K, capacity 15141K, committed 15232K, reserved 1048576K
}
Event: 1174.041 GC heap after
{Heap after GC invocations=230 (full 0):
 garbage-first heap   total 319488K, used 229105K [0x00000000c0000000, 0x0000000100000000)
  region size 1024K, 5 young (5120K), 5 survivors (5120K)
 Metaspace       used 119578K, capacity 122688K, committed 122928K, reserved 1157120K
  class space    used 14121K, capacity 15141K, committed 15232K, reserved 1048576K
}
Event: 1175.661 GC heap before
{Heap before GC invocations=230 (full 0):
 garbage-first heap   total 319488K, used 277233K [0x00000000c0000000, 0x0000000100000000)
  region size 1024K, 53 young (54272K), 5 survivors (5120K)
 Metaspace       used 119676K, capacity 122817K, committed 122928K, reserved 1157120K
  class space    used 14121K, capacity 15141K, committed 15232K, reserved 1048576K
}
Event: 1175.680 GC heap after
{Heap after GC invocations=231 (full 0):
 garbage-first heap   total 319488K, used 235519K [0x00000000c0000000, 0x0000000100000000)
  region size 1024K, 7 young (7168K), 7 survivors (7168K)
 Metaspace       used 119676K, capacity 122817K, committed 122928K, reserved 1157120K
  class space    used 14121K, capacity 15141K, committed 15232K, reserved 1048576K
}
Event: 1176.867 GC heap before
{Heap before GC invocations=231 (full 0):
 garbage-first heap   total 319488K, used 275455K [0x00000000c0000000, 0x0000000100000000)
  region size 1024K, 47 young (48128K), 7 survivors (7168K)
 Metaspace       used 119722K, capacity 122823K, committed 122928K, reserved 1157120K
  class space    used 14124K, capacity 15142K, committed 15232K, reserved 1048576K
}
Event: 1176.889 GC heap after
{Heap after GC invocations=232 (full 0):
 garbage-first heap   total 319488K, used 243309K [0x00000000c0000000, 0x0000000100000000)
  region size 1024K, 6 young (6144K), 6 survivors (6144K)
 Metaspace       used 119722K, capacity 122823K, committed 122928K, reserved 1157120K
  class space    used 14124K, capacity 15142K, committed 15232K, reserved 1048576K
}
Event: 1178.475 GC heap before
{Heap before GC invocations=232 (full 0):
 garbage-first heap   total 319488K, used 287341K [0x00000000c0000000, 0x0000000100000000)
  region size 1024K, 31 young (31744K), 6 survivors (6144K)
 Metaspace       used 122939K, capacity 126195K, committed 126256K, reserved 1161216K
  class space    used 14434K, capacity 15470K, committed 15488K, reserved 1048576K
}
Event: 1178.492 GC heap after
{Heap after GC invocations=233 (full 0):
 garbage-first heap   total 319488K, used 262936K [0x00000000c0000000, 0x0000000100000000)
  region size 1024K, 4 young (4096K), 4 survivors (4096K)
 Metaspace       used 122939K, capacity 126195K, committed 126256K, reserved 1161216K
  class space    used 14434K, capacity 15470K, committed 15488K, reserved 1048576K
}
Event: 1179.451 GC heap before
{Heap before GC invocations=234 (full 0):
 garbage-first heap   total 319488K, used 271128K [0x00000000c0000000, 0x0000000100000000)
  region size 1024K, 21 young (21504K), 4 survivors (4096K)
 Metaspace       used 122278K, capacity 125168K, committed 126256K, reserved 1161216K
  class space    used 14277K, capacity 15203K, committed 15488K, reserved 1048576K
}
Event: 1179.468 GC heap after
{Heap after GC invocations=235 (full 0):
 garbage-first heap   total 319488K, used 256101K [0x00000000c0000000, 0x0000000100000000)
  region size 1024K, 1 young (1024K), 1 survivors (1024K)
 Metaspace       used 122278K, capacity 125168K, committed 126256K, reserved 1161216K
  class space    used 14277K, capacity 15203K, committed 15488K, reserved 1048576K
}
Event: 1179.823 GC heap before
{Heap before GC invocations=235 (full 0):
 garbage-first heap   total 319488K, used 270437K [0x00000000c0000000, 0x0000000100000000)
  region size 1024K, 16 young (16384K), 1 survivors (1024K)
 Metaspace       used 122281K, capacity 125168K, committed 126256K, reserved 1161216K
  class space    used 14277K, capacity 15203K, committed 15488K, reserved 1048576K
}
Event: 1179.831 GC heap after
{Heap after GC invocations=236 (full 0):
 garbage-first heap   total 319488K, used 226210K [0x00000000c0000000, 0x0000000100000000)
  region size 1024K, 1 young (1024K), 1 survivors (1024K)
 Metaspace       used 122281K, capacity 125168K, committed 126256K, reserved 1161216K
  class space    used 14277K, capacity 15203K, committed 15488K, reserved 1048576K
}
Event: 1180.348 GC heap before
{Heap before GC invocations=236 (full 0):
 garbage-first heap   total 354304K, used 282530K [0x00000000c0000000, 0x0000000100000000)
  region size 1024K, 16 young (16384K), 1 survivors (1024K)
 Metaspace       used 122283K, capacity 125168K, committed 126256K, reserved 1161216K
  class space    used 14277K, capacity 15203K, committed 15488K, reserved 1048576K
}
Event: 1180.381 GC heap after
{Heap after GC invocations=237 (full 0):
 garbage-first heap   total 354304K, used 252859K [0x00000000c0000000, 0x0000000100000000)
  region size 1024K, 1 young (1024K), 1 survivors (1024K)
 Metaspace       used 122283K, capacity 125168K, committed 126256K, reserved 1161216K
  class space    used 14277K, capacity 15203K, committed 15488K, reserved 1048576K
}

