# JRE version: OpenJDK Runtime Environment (11.0.13) (build 11.0.13+0-b1751.21-8125866)
# Java VM: OpenJDK 64-Bit Server VM (11.0.13+0-b1751.21-8125866, mixed mode, tiered, compressed oops, g1 gc, windows-amd64)
Heap:
 garbage-first heap   total 138240K, used 135519K [0x00000000c0000000, 0x0000000100000000)
  region size 1024K, 5 young (5120K), 0 survivors (0K)
 Metaspace       used 85561K, capacity 87626K, committed 87844K, reserved 1126400K
  class space    used 10443K, capacity 11133K, committed 11136K, reserved 1048576K
GC Heap History (20 events):
Event: 95.646 GC heap after
{Heap after GC invocations=48 (full 0):
 garbage-first heap   total 131072K, used 110932K [0x00000000c0000000, 0x0000000100000000)
  region size 1024K, 1 young (1024K), 1 survivors (1024K)
 Metaspace       used 81901K, capacity 83848K, committed 84004K, reserved 1122304K
  class space    used 10098K, capacity 10761K, committed 10880K, reserved 1048576K
}
Event: 96.092 GC heap before
{Heap before GC invocations=48 (full 0):
 garbage-first heap   total 131072K, used 116052K [0x00000000c0000000, 0x0000000100000000)
  region size 1024K, 6 young (6144K), 1 survivors (1024K)
 Metaspace       used 81904K, capacity 83912K, committed 84260K, reserved 1122304K
  class space    used 10098K, capacity 10761K, committed 10880K, reserved 1048576K
}
Event: 96.098 GC heap after
{Heap after GC invocations=49 (full 0):
 garbage-first heap   total 131072K, used 111436K [0x00000000c0000000, 0x0000000100000000)
  region size 1024K, 1 young (1024K), 1 survivors (1024K)
 Metaspace       used 81904K, capacity 83912K, committed 84260K, reserved 1122304K
  class space    used 10098K, capacity 10761K, committed 10880K, reserved 1048576K
}
Event: 96.300 GC heap before
{Heap before GC invocations=49 (full 0):
 garbage-first heap   total 131072K, used 116556K [0x00000000c0000000, 0x0000000100000000)
  region size 1024K, 6 young (6144K), 1 survivors (1024K)
 Metaspace       used 81909K, capacity 83912K, committed 84260K, reserved 1122304K
  class space    used 10098K, capacity 10761K, committed 10880K, reserved 1048576K
}
Event: 96.303 GC heap after
{Heap after GC invocations=50 (full 0):
 garbage-first heap   total 131072K, used 111442K [0x00000000c0000000, 0x0000000100000000)
  region size 1024K, 1 young (1024K), 1 survivors (1024K)
 Metaspace       used 81909K, capacity 83912K, committed 84260K, reserved 1122304K
  class space    used 10098K, capacity 10761K, committed 10880K, reserved 1048576K
}
Event: 96.571 GC heap before
{Heap before GC invocations=50 (full 0):
 garbage-first heap   total 131072K, used 116562K [0x00000000c0000000, 0x0000000100000000)
  region size 1024K, 6 young (6144K), 1 survivors (1024K)
 Metaspace       used 82041K, capacity 83991K, committed 84260K, reserved 1122304K
  class space    used 10109K, capacity 10765K, committed 10880K, reserved 1048576K
}
Event: 96.574 GC heap after
{Heap after GC invocations=51 (full 0):
 garbage-first heap   total 131072K, used 111707K [0x00000000c0000000, 0x0000000100000000)
  region size 1024K, 1 young (1024K), 1 survivors (1024K)
 Metaspace       used 82041K, capacity 83991K, committed 84260K, reserved 1122304K
  class space    used 10109K, capacity 10765K, committed 10880K, reserved 1048576K
}
Event: 96.709 GC heap before
{Heap before GC invocations=52 (full 0):
 garbage-first heap   total 131072K, used 116827K [0x00000000c0000000, 0x0000000100000000)
  region size 1024K, 6 young (6144K), 1 survivors (1024K)
 Metaspace       used 82241K, capacity 84176K, committed 84516K, reserved 1122304K
  class space    used 10131K, capacity 10775K, committed 10880K, reserved 1048576K
}
Event: 96.712 GC heap after
{Heap after GC invocations=53 (full 0):
 garbage-first heap   total 131072K, used 112278K [0x00000000c0000000, 0x0000000100000000)
  region size 1024K, 1 young (1024K), 1 survivors (1024K)
 Metaspace       used 82241K, capacity 84176K, committed 84516K, reserved 1122304K
  class space    used 10131K, capacity 10775K, committed 10880K, reserved 1048576K
}
Event: 96.942 GC heap before
{Heap before GC invocations=53 (full 0):
 garbage-first heap   total 131072K, used 117398K [0x00000000c0000000, 0x0000000100000000)
  region size 1024K, 6 young (6144K), 1 survivors (1024K)
 Metaspace       used 82781K, capacity 84781K, committed 85028K, reserved 1124352K
  class space    used 10171K, capacity 10855K, committed 10880K, reserved 1048576K
}
Event: 96.947 GC heap after
{Heap after GC invocations=54 (full 0):
 garbage-first heap   total 131072K, used 112064K [0x00000000c0000000, 0x0000000100000000)
  region size 1024K, 1 young (1024K), 1 survivors (1024K)
 Metaspace       used 82781K, capacity 84781K, committed 85028K, reserved 1124352K
  class space    used 10171K, capacity 10855K, committed 10880K, reserved 1048576K
}
Event: 96.977 GC heap before
{Heap before GC invocations=54 (full 0):
 garbage-first heap   total 131072K, used 112064K [0x00000000c0000000, 0x0000000100000000)
  region size 1024K, 2 young (2048K), 1 survivors (1024K)
 Metaspace       used 82922K, capacity 84927K, committed 85028K, reserved 1124352K
  class space    used 10185K, capacity 10858K, committed 10880K, reserved 1048576K
}
Event: 96.980 GC heap after
{Heap after GC invocations=55 (full 0):
 garbage-first heap   total 131072K, used 112142K [0x00000000c0000000, 0x0000000100000000)
  region size 1024K, 1 young (1024K), 1 survivors (1024K)
 Metaspace       used 82922K, capacity 84927K, committed 85028K, reserved 1124352K
  class space    used 10185K, capacity 10858K, committed 10880K, reserved 1048576K
}
Event: 97.549 GC heap before
{Heap before GC invocations=56 (full 0):
 garbage-first heap   total 133120K, used 130574K [0x00000000c0000000, 0x0000000100000000)
  region size 1024K, 5 young (5120K), 1 survivors (1024K)
 Metaspace       used 83851K, capacity 85845K, committed 85924K, reserved 1124352K
  class space    used 10278K, capacity 10946K, committed 11008K, reserved 1048576K
}
Event: 97.558 GC heap after
{Heap after GC invocations=57 (full 0):
 garbage-first heap   total 134144K, used 128422K [0x00000000c0000000, 0x0000000100000000)
  region size 1024K, 1 young (1024K), 1 survivors (1024K)
 Metaspace       used 83851K, capacity 85845K, committed 85924K, reserved 1124352K
  class space    used 10278K, capacity 10946K, committed 11008K, reserved 1048576K
}
Event: 97.626 GC heap before
{Heap before GC invocations=57 (full 0):
 garbage-first heap   total 135168K, used 134566K [0x00000000c0000000, 0x0000000100000000)
  region size 1024K, 3 young (3072K), 1 survivors (1024K)
 Metaspace       used 84212K, capacity 86206K, committed 86436K, reserved 1124352K
  class space    used 10311K, capacity 10981K, committed 11008K, reserved 1048576K
}
Event: 97.633 GC heap after
{Heap after GC invocations=58 (full 0):
 garbage-first heap   total 137216K, used 129377K [0x00000000c0000000, 0x0000000100000000)
  region size 1024K, 1 young (1024K), 1 survivors (1024K)
 Metaspace       used 84212K, capacity 86206K, committed 86436K, reserved 1124352K
  class space    used 10311K, capacity 10981K, committed 11008K, reserved 1048576K
}
Event: 97.645 GC heap before
{Heap before GC invocations=58 (full 0):
 garbage-first heap   total 137216K, used 129377K [0x00000000c0000000, 0x0000000100000000)
  region size 1024K, 2 young (2048K), 1 survivors (1024K)
 Metaspace       used 84258K, capacity 86300K, committed 86436K, reserved 1124352K
  class space    used 10319K, capacity 10991K, committed 11008K, reserved 1048576K
}
Event: 97.648 GC heap after
{Heap after GC invocations=59 (full 0):
 garbage-first heap   total 137216K, used 129375K [0x00000000c0000000, 0x0000000100000000)
  region size 1024K, 1 young (1024K), 1 survivors (1024K)
 Metaspace       used 84258K, capacity 86300K, committed 86436K, reserved 1124352K
  class space    used 10319K, capacity 10991K, committed 11008K, reserved 1048576K
}
Event: 98.434 GC heap before
{Heap before GC invocations=60 (full 0):
 garbage-first heap   total 137216K, used 134495K [0x00000000c0000000, 0x0000000100000000)
  region size 1024K, 6 young (6144K), 1 survivors (1024K)
 Metaspace       used 85561K, capacity 87626K, committed 87844K, reserved 1126400K
  class space    used 10443K, capacity 11133K, committed 11136K, reserved 1048576K
}

